<?xml version="1.0" encoding="UTF-8"?>
<!-- Generated by org.testng.reporters.JUnitReportReporter -->
<testsuite hostname="TestVagrants-MacBook-Pro.local" failures="0" tests="1" name="myTest.loginTest" time="0.012" errors="0" timestamp="2023-09-05T11:53:16 IST" skipped="0">
  <testcase classname="myTest.loginTest" name="loginPageTitleTest" time="0.012"/>
  <system-out/>
</testsuite> <!-- myTest.loginTest -->
